{"C:\\Users\\tonyd_wl3\\Desktop\\CDNT\\CFA_CDNT10\\Cours\\nodejs\\college\\app.js": {"path":"C:\\Users\\tonyd_wl3\\Desktop\\CDNT\\CFA_CDNT10\\Cours\\nodejs\\college\\app.js","statementMap":{"0":{"start":{"line":1,"column":16},"end":{"line":1,"column":34}},"1":{"start":{"line":2,"column":12},"end":{"line":2,"column":21}},"2":{"start":{"line":3,"column":13},"end":{"line":3,"column":17}},"3":{"start":{"line":5,"column":0},"end":{"line":5,"column":24}},"4":{"start":{"line":9,"column":21},"end":{"line":9,"column":47}},"5":{"start":{"line":10,"column":20},"end":{"line":10,"column":45}},"6":{"start":{"line":11,"column":22},"end":{"line":11,"column":49}},"7":{"start":{"line":12,"column":19},"end":{"line":12,"column":43}},"8":{"start":{"line":14,"column":0},"end":{"line":14,"column":34}},"9":{"start":{"line":15,"column":0},"end":{"line":15,"column":32}},"10":{"start":{"line":16,"column":0},"end":{"line":16,"column":36}},"11":{"start":{"line":17,"column":0},"end":{"line":17,"column":30}},"12":{"start":{"line":19,"column":0},"end":{"line":21,"column":2}},"13":{"start":{"line":20,"column":4},"end":{"line":20,"column":34}},"14":{"start":{"line":23,"column":0},"end":{"line":23,"column":21}}},"fnMap":{"0":{"name":"(anonymous_0)","decl":{"start":{"line":19,"column":17},"end":{"line":19,"column":18}},"loc":{"start":{"line":19,"column":23},"end":{"line":21,"column":1}},"line":19}},"branchMap":{},"s":{"0":1,"1":1,"2":1,"3":1,"4":1,"5":1,"6":1,"7":1,"8":1,"9":1,"10":1,"11":1,"12":1,"13":1,"14":1},"f":{"0":1},"b":{},"_coverageSchema":"1a1c01bbd47fc00a2c39e90264f33305004495a9","hash":"61065d141e081211f114ae8af5fa771a6885829a"}
,"C:\\Users\\tonyd_wl3\\Desktop\\CDNT\\CFA_CDNT10\\Cours\\nodejs\\college\\controllers\\classe.controller.js": {"path":"C:\\Users\\tonyd_wl3\\Desktop\\CDNT\\CFA_CDNT10\\Cours\\nodejs\\college\\controllers\\classe.controller.js","statementMap":{"0":{"start":{"line":2,"column":15},"end":{"line":2,"column":42}},"1":{"start":{"line":9,"column":0},"end":{"line":13,"column":1}},"2":{"start":{"line":10,"column":4},"end":{"line":12,"column":39}},"3":{"start":{"line":11,"column":25},"end":{"line":11,"column":54}},"4":{"start":{"line":12,"column":22},"end":{"line":12,"column":38}},"5":{"start":{"line":18,"column":0},"end":{"line":23,"column":5}},"6":{"start":{"line":19,"column":23},"end":{"line":19,"column":31}},"7":{"start":{"line":20,"column":8},"end":{"line":22,"column":43}},"8":{"start":{"line":21,"column":35},"end":{"line":21,"column":70}},"9":{"start":{"line":22,"column":26},"end":{"line":22,"column":42}},"10":{"start":{"line":28,"column":0},"end":{"line":33,"column":1}},"11":{"start":{"line":29,"column":15},"end":{"line":29,"column":28}},"12":{"start":{"line":30,"column":4},"end":{"line":32,"column":39}},"13":{"start":{"line":31,"column":24},"end":{"line":31,"column":52}},"14":{"start":{"line":32,"column":22},"end":{"line":32,"column":38}},"15":{"start":{"line":38,"column":0},"end":{"line":48,"column":1}},"16":{"start":{"line":39,"column":15},"end":{"line":39,"column":28}},"17":{"start":{"line":40,"column":19},"end":{"line":40,"column":27}},"18":{"start":{"line":41,"column":4},"end":{"line":47,"column":39}},"19":{"start":{"line":46,"column":30},"end":{"line":46,"column":64}},"20":{"start":{"line":47,"column":22},"end":{"line":47,"column":38}},"21":{"start":{"line":53,"column":0},"end":{"line":62,"column":1}},"22":{"start":{"line":54,"column":15},"end":{"line":54,"column":28}},"23":{"start":{"line":55,"column":4},"end":{"line":61,"column":39}},"24":{"start":{"line":60,"column":31},"end":{"line":60,"column":99}},"25":{"start":{"line":61,"column":22},"end":{"line":61,"column":38}}},"fnMap":{"0":{"name":"(anonymous_0)","decl":{"start":{"line":9,"column":22},"end":{"line":9,"column":23}},"loc":{"start":{"line":9,"column":42},"end":{"line":13,"column":1}},"line":9},"1":{"name":"(anonymous_1)","decl":{"start":{"line":11,"column":14},"end":{"line":11,"column":15}},"loc":{"start":{"line":11,"column":25},"end":{"line":11,"column":54}},"line":11},"2":{"name":"(anonymous_2)","decl":{"start":{"line":12,"column":15},"end":{"line":12,"column":16}},"loc":{"start":{"line":12,"column":22},"end":{"line":12,"column":38}},"line":12},"3":{"name":"(anonymous_3)","decl":{"start":{"line":18,"column":21},"end":{"line":18,"column":22}},"loc":{"start":{"line":18,"column":41},"end":{"line":23,"column":5}},"line":18},"4":{"name":"(anonymous_4)","decl":{"start":{"line":21,"column":18},"end":{"line":21,"column":19}},"loc":{"start":{"line":21,"column":35},"end":{"line":21,"column":70}},"line":21},"5":{"name":"(anonymous_5)","decl":{"start":{"line":22,"column":19},"end":{"line":22,"column":20}},"loc":{"start":{"line":22,"column":26},"end":{"line":22,"column":42}},"line":22},"6":{"name":"(anonymous_6)","decl":{"start":{"line":28,"column":24},"end":{"line":28,"column":25}},"loc":{"start":{"line":28,"column":44},"end":{"line":33,"column":1}},"line":28},"7":{"name":"(anonymous_7)","decl":{"start":{"line":31,"column":14},"end":{"line":31,"column":15}},"loc":{"start":{"line":31,"column":24},"end":{"line":31,"column":52}},"line":31},"8":{"name":"(anonymous_8)","decl":{"start":{"line":32,"column":15},"end":{"line":32,"column":16}},"loc":{"start":{"line":32,"column":22},"end":{"line":32,"column":38}},"line":32},"9":{"name":"(anonymous_9)","decl":{"start":{"line":38,"column":22},"end":{"line":38,"column":23}},"loc":{"start":{"line":38,"column":42},"end":{"line":48,"column":1}},"line":38},"10":{"name":"(anonymous_10)","decl":{"start":{"line":46,"column":14},"end":{"line":46,"column":15}},"loc":{"start":{"line":46,"column":30},"end":{"line":46,"column":64}},"line":46},"11":{"name":"(anonymous_11)","decl":{"start":{"line":47,"column":15},"end":{"line":47,"column":16}},"loc":{"start":{"line":47,"column":22},"end":{"line":47,"column":38}},"line":47},"12":{"name":"(anonymous_12)","decl":{"start":{"line":53,"column":24},"end":{"line":53,"column":25}},"loc":{"start":{"line":53,"column":44},"end":{"line":62,"column":1}},"line":53},"13":{"name":"(anonymous_13)","decl":{"start":{"line":60,"column":14},"end":{"line":60,"column":15}},"loc":{"start":{"line":60,"column":31},"end":{"line":60,"column":99}},"line":60},"14":{"name":"(anonymous_14)","decl":{"start":{"line":61,"column":15},"end":{"line":61,"column":16}},"loc":{"start":{"line":61,"column":22},"end":{"line":61,"column":38}},"line":61}},"branchMap":{},"s":{"0":1,"1":1,"2":0,"3":0,"4":0,"5":1,"6":0,"7":0,"8":0,"9":0,"10":1,"11":0,"12":0,"13":0,"14":0,"15":1,"16":0,"17":0,"18":0,"19":0,"20":0,"21":1,"22":0,"23":0,"24":0,"25":0},"f":{"0":0,"1":0,"2":0,"3":0,"4":0,"5":0,"6":0,"7":0,"8":0,"9":0,"10":0,"11":0,"12":0,"13":0,"14":0},"b":{},"_coverageSchema":"1a1c01bbd47fc00a2c39e90264f33305004495a9","hash":"a6a0ed69714650089bef5c1ae3b8dde2250499cd"}
,"C:\\Users\\tonyd_wl3\\Desktop\\CDNT\\CFA_CDNT10\\Cours\\nodejs\\college\\controllers\\eleve.controller.js": {"path":"C:\\Users\\tonyd_wl3\\Desktop\\CDNT\\CFA_CDNT10\\Cours\\nodejs\\college\\controllers\\eleve.controller.js","statementMap":{"0":{"start":{"line":2,"column":14},"end":{"line":2,"column":40}},"1":{"start":{"line":9,"column":0},"end":{"line":13,"column":1}},"2":{"start":{"line":10,"column":4},"end":{"line":12,"column":39}},"3":{"start":{"line":11,"column":24},"end":{"line":11,"column":52}},"4":{"start":{"line":12,"column":22},"end":{"line":12,"column":38}},"5":{"start":{"line":18,"column":0},"end":{"line":23,"column":5}},"6":{"start":{"line":19,"column":22},"end":{"line":19,"column":30}},"7":{"start":{"line":20,"column":8},"end":{"line":22,"column":43}},"8":{"start":{"line":21,"column":34},"end":{"line":21,"column":68}},"9":{"start":{"line":22,"column":26},"end":{"line":22,"column":42}},"10":{"start":{"line":28,"column":0},"end":{"line":33,"column":1}},"11":{"start":{"line":29,"column":15},"end":{"line":29,"column":28}},"12":{"start":{"line":30,"column":4},"end":{"line":32,"column":39}},"13":{"start":{"line":31,"column":23},"end":{"line":31,"column":50}},"14":{"start":{"line":32,"column":22},"end":{"line":32,"column":38}},"15":{"start":{"line":38,"column":0},"end":{"line":48,"column":1}},"16":{"start":{"line":39,"column":15},"end":{"line":39,"column":28}},"17":{"start":{"line":40,"column":18},"end":{"line":40,"column":26}},"18":{"start":{"line":41,"column":4},"end":{"line":47,"column":39}},"19":{"start":{"line":46,"column":29},"end":{"line":46,"column":62}},"20":{"start":{"line":47,"column":22},"end":{"line":47,"column":38}},"21":{"start":{"line":53,"column":0},"end":{"line":62,"column":1}},"22":{"start":{"line":54,"column":15},"end":{"line":54,"column":28}},"23":{"start":{"line":55,"column":4},"end":{"line":61,"column":39}},"24":{"start":{"line":60,"column":30},"end":{"line":60,"column":96}},"25":{"start":{"line":61,"column":22},"end":{"line":61,"column":38}}},"fnMap":{"0":{"name":"(anonymous_0)","decl":{"start":{"line":9,"column":21},"end":{"line":9,"column":22}},"loc":{"start":{"line":9,"column":41},"end":{"line":13,"column":1}},"line":9},"1":{"name":"(anonymous_1)","decl":{"start":{"line":11,"column":14},"end":{"line":11,"column":15}},"loc":{"start":{"line":11,"column":24},"end":{"line":11,"column":52}},"line":11},"2":{"name":"(anonymous_2)","decl":{"start":{"line":12,"column":15},"end":{"line":12,"column":16}},"loc":{"start":{"line":12,"column":22},"end":{"line":12,"column":38}},"line":12},"3":{"name":"(anonymous_3)","decl":{"start":{"line":18,"column":20},"end":{"line":18,"column":21}},"loc":{"start":{"line":18,"column":40},"end":{"line":23,"column":5}},"line":18},"4":{"name":"(anonymous_4)","decl":{"start":{"line":21,"column":18},"end":{"line":21,"column":19}},"loc":{"start":{"line":21,"column":34},"end":{"line":21,"column":68}},"line":21},"5":{"name":"(anonymous_5)","decl":{"start":{"line":22,"column":19},"end":{"line":22,"column":20}},"loc":{"start":{"line":22,"column":26},"end":{"line":22,"column":42}},"line":22},"6":{"name":"(anonymous_6)","decl":{"start":{"line":28,"column":23},"end":{"line":28,"column":24}},"loc":{"start":{"line":28,"column":43},"end":{"line":33,"column":1}},"line":28},"7":{"name":"(anonymous_7)","decl":{"start":{"line":31,"column":14},"end":{"line":31,"column":15}},"loc":{"start":{"line":31,"column":23},"end":{"line":31,"column":50}},"line":31},"8":{"name":"(anonymous_8)","decl":{"start":{"line":32,"column":15},"end":{"line":32,"column":16}},"loc":{"start":{"line":32,"column":22},"end":{"line":32,"column":38}},"line":32},"9":{"name":"(anonymous_9)","decl":{"start":{"line":38,"column":21},"end":{"line":38,"column":22}},"loc":{"start":{"line":38,"column":41},"end":{"line":48,"column":1}},"line":38},"10":{"name":"(anonymous_10)","decl":{"start":{"line":46,"column":14},"end":{"line":46,"column":15}},"loc":{"start":{"line":46,"column":29},"end":{"line":46,"column":62}},"line":46},"11":{"name":"(anonymous_11)","decl":{"start":{"line":47,"column":15},"end":{"line":47,"column":16}},"loc":{"start":{"line":47,"column":22},"end":{"line":47,"column":38}},"line":47},"12":{"name":"(anonymous_12)","decl":{"start":{"line":53,"column":23},"end":{"line":53,"column":24}},"loc":{"start":{"line":53,"column":43},"end":{"line":62,"column":1}},"line":53},"13":{"name":"(anonymous_13)","decl":{"start":{"line":60,"column":14},"end":{"line":60,"column":15}},"loc":{"start":{"line":60,"column":30},"end":{"line":60,"column":96}},"line":60},"14":{"name":"(anonymous_14)","decl":{"start":{"line":61,"column":15},"end":{"line":61,"column":16}},"loc":{"start":{"line":61,"column":22},"end":{"line":61,"column":38}},"line":61}},"branchMap":{},"s":{"0":1,"1":1,"2":0,"3":0,"4":0,"5":1,"6":0,"7":0,"8":0,"9":0,"10":1,"11":0,"12":0,"13":0,"14":0,"15":1,"16":0,"17":0,"18":0,"19":0,"20":0,"21":1,"22":0,"23":0,"24":0,"25":0},"f":{"0":0,"1":0,"2":0,"3":0,"4":0,"5":0,"6":0,"7":0,"8":0,"9":0,"10":0,"11":0,"12":0,"13":0,"14":0},"b":{},"_coverageSchema":"1a1c01bbd47fc00a2c39e90264f33305004495a9","hash":"14f4f6e72dc11b99cce9e94159a5728a961c2488"}
,"C:\\Users\\tonyd_wl3\\Desktop\\CDNT\\CFA_CDNT10\\Cours\\nodejs\\college\\controllers\\matiere.controller.js": {"path":"C:\\Users\\tonyd_wl3\\Desktop\\CDNT\\CFA_CDNT10\\Cours\\nodejs\\college\\controllers\\matiere.controller.js","statementMap":{"0":{"start":{"line":2,"column":16},"end":{"line":2,"column":44}},"1":{"start":{"line":9,"column":0},"end":{"line":13,"column":1}},"2":{"start":{"line":10,"column":4},"end":{"line":12,"column":39}},"3":{"start":{"line":11,"column":26},"end":{"line":11,"column":56}},"4":{"start":{"line":12,"column":22},"end":{"line":12,"column":38}},"5":{"start":{"line":18,"column":0},"end":{"line":23,"column":5}},"6":{"start":{"line":19,"column":24},"end":{"line":19,"column":32}},"7":{"start":{"line":20,"column":8},"end":{"line":22,"column":43}},"8":{"start":{"line":21,"column":36},"end":{"line":21,"column":72}},"9":{"start":{"line":22,"column":26},"end":{"line":22,"column":42}},"10":{"start":{"line":28,"column":0},"end":{"line":33,"column":1}},"11":{"start":{"line":29,"column":15},"end":{"line":29,"column":28}},"12":{"start":{"line":30,"column":4},"end":{"line":32,"column":39}},"13":{"start":{"line":31,"column":25},"end":{"line":31,"column":54}},"14":{"start":{"line":32,"column":22},"end":{"line":32,"column":38}},"15":{"start":{"line":38,"column":0},"end":{"line":48,"column":1}},"16":{"start":{"line":39,"column":15},"end":{"line":39,"column":28}},"17":{"start":{"line":40,"column":20},"end":{"line":40,"column":28}},"18":{"start":{"line":41,"column":4},"end":{"line":47,"column":39}},"19":{"start":{"line":46,"column":31},"end":{"line":46,"column":66}},"20":{"start":{"line":47,"column":22},"end":{"line":47,"column":38}},"21":{"start":{"line":53,"column":0},"end":{"line":62,"column":1}},"22":{"start":{"line":54,"column":15},"end":{"line":54,"column":28}},"23":{"start":{"line":55,"column":4},"end":{"line":61,"column":39}},"24":{"start":{"line":60,"column":32},"end":{"line":60,"column":102}},"25":{"start":{"line":61,"column":22},"end":{"line":61,"column":38}}},"fnMap":{"0":{"name":"(anonymous_0)","decl":{"start":{"line":9,"column":23},"end":{"line":9,"column":24}},"loc":{"start":{"line":9,"column":43},"end":{"line":13,"column":1}},"line":9},"1":{"name":"(anonymous_1)","decl":{"start":{"line":11,"column":14},"end":{"line":11,"column":15}},"loc":{"start":{"line":11,"column":26},"end":{"line":11,"column":56}},"line":11},"2":{"name":"(anonymous_2)","decl":{"start":{"line":12,"column":15},"end":{"line":12,"column":16}},"loc":{"start":{"line":12,"column":22},"end":{"line":12,"column":38}},"line":12},"3":{"name":"(anonymous_3)","decl":{"start":{"line":18,"column":22},"end":{"line":18,"column":23}},"loc":{"start":{"line":18,"column":42},"end":{"line":23,"column":5}},"line":18},"4":{"name":"(anonymous_4)","decl":{"start":{"line":21,"column":18},"end":{"line":21,"column":19}},"loc":{"start":{"line":21,"column":36},"end":{"line":21,"column":72}},"line":21},"5":{"name":"(anonymous_5)","decl":{"start":{"line":22,"column":19},"end":{"line":22,"column":20}},"loc":{"start":{"line":22,"column":26},"end":{"line":22,"column":42}},"line":22},"6":{"name":"(anonymous_6)","decl":{"start":{"line":28,"column":25},"end":{"line":28,"column":26}},"loc":{"start":{"line":28,"column":45},"end":{"line":33,"column":1}},"line":28},"7":{"name":"(anonymous_7)","decl":{"start":{"line":31,"column":14},"end":{"line":31,"column":15}},"loc":{"start":{"line":31,"column":25},"end":{"line":31,"column":54}},"line":31},"8":{"name":"(anonymous_8)","decl":{"start":{"line":32,"column":15},"end":{"line":32,"column":16}},"loc":{"start":{"line":32,"column":22},"end":{"line":32,"column":38}},"line":32},"9":{"name":"(anonymous_9)","decl":{"start":{"line":38,"column":23},"end":{"line":38,"column":24}},"loc":{"start":{"line":38,"column":43},"end":{"line":48,"column":1}},"line":38},"10":{"name":"(anonymous_10)","decl":{"start":{"line":46,"column":14},"end":{"line":46,"column":15}},"loc":{"start":{"line":46,"column":31},"end":{"line":46,"column":66}},"line":46},"11":{"name":"(anonymous_11)","decl":{"start":{"line":47,"column":15},"end":{"line":47,"column":16}},"loc":{"start":{"line":47,"column":22},"end":{"line":47,"column":38}},"line":47},"12":{"name":"(anonymous_12)","decl":{"start":{"line":53,"column":25},"end":{"line":53,"column":26}},"loc":{"start":{"line":53,"column":45},"end":{"line":62,"column":1}},"line":53},"13":{"name":"(anonymous_13)","decl":{"start":{"line":60,"column":14},"end":{"line":60,"column":15}},"loc":{"start":{"line":60,"column":32},"end":{"line":60,"column":102}},"line":60},"14":{"name":"(anonymous_14)","decl":{"start":{"line":61,"column":15},"end":{"line":61,"column":16}},"loc":{"start":{"line":61,"column":22},"end":{"line":61,"column":38}},"line":61}},"branchMap":{},"s":{"0":1,"1":1,"2":1,"3":1,"4":0,"5":1,"6":0,"7":0,"8":0,"9":0,"10":1,"11":0,"12":0,"13":0,"14":0,"15":1,"16":0,"17":0,"18":0,"19":0,"20":0,"21":1,"22":0,"23":0,"24":0,"25":0},"f":{"0":1,"1":1,"2":0,"3":0,"4":0,"5":0,"6":0,"7":0,"8":0,"9":0,"10":0,"11":0,"12":0,"13":0,"14":0},"b":{},"_coverageSchema":"1a1c01bbd47fc00a2c39e90264f33305004495a9","hash":"8da5c23c323c4e70720f76767b3df29382757f89"}
,"C:\\Users\\tonyd_wl3\\Desktop\\CDNT\\CFA_CDNT10\\Cours\\nodejs\\college\\controllers\\note.controller.js": {"path":"C:\\Users\\tonyd_wl3\\Desktop\\CDNT\\CFA_CDNT10\\Cours\\nodejs\\college\\controllers\\note.controller.js","statementMap":{"0":{"start":{"line":2,"column":13},"end":{"line":2,"column":38}},"1":{"start":{"line":3,"column":14},"end":{"line":3,"column":40}},"2":{"start":{"line":4,"column":16},"end":{"line":4,"column":44}},"3":{"start":{"line":6,"column":18},"end":{"line":6,"column":38}},"4":{"start":{"line":13,"column":0},"end":{"line":32,"column":1}},"5":{"start":{"line":14,"column":4},"end":{"line":31,"column":39}},"6":{"start":{"line":30,"column":23},"end":{"line":30,"column":50}},"7":{"start":{"line":31,"column":22},"end":{"line":31,"column":38}},"8":{"start":{"line":37,"column":0},"end":{"line":42,"column":5}},"9":{"start":{"line":38,"column":21},"end":{"line":38,"column":29}},"10":{"start":{"line":39,"column":8},"end":{"line":41,"column":43}},"11":{"start":{"line":40,"column":33},"end":{"line":40,"column":66}},"12":{"start":{"line":41,"column":26},"end":{"line":41,"column":42}},"13":{"start":{"line":47,"column":0},"end":{"line":52,"column":1}},"14":{"start":{"line":48,"column":15},"end":{"line":48,"column":28}},"15":{"start":{"line":49,"column":4},"end":{"line":51,"column":39}},"16":{"start":{"line":50,"column":22},"end":{"line":50,"column":48}},"17":{"start":{"line":51,"column":22},"end":{"line":51,"column":38}},"18":{"start":{"line":57,"column":0},"end":{"line":67,"column":1}},"19":{"start":{"line":58,"column":15},"end":{"line":58,"column":28}},"20":{"start":{"line":59,"column":17},"end":{"line":59,"column":25}},"21":{"start":{"line":60,"column":4},"end":{"line":66,"column":39}},"22":{"start":{"line":65,"column":28},"end":{"line":65,"column":60}},"23":{"start":{"line":66,"column":22},"end":{"line":66,"column":38}},"24":{"start":{"line":72,"column":0},"end":{"line":81,"column":1}},"25":{"start":{"line":73,"column":15},"end":{"line":73,"column":28}},"26":{"start":{"line":74,"column":4},"end":{"line":80,"column":39}},"27":{"start":{"line":79,"column":29},"end":{"line":79,"column":93}},"28":{"start":{"line":80,"column":22},"end":{"line":80,"column":38}}},"fnMap":{"0":{"name":"(anonymous_0)","decl":{"start":{"line":13,"column":20},"end":{"line":13,"column":21}},"loc":{"start":{"line":13,"column":40},"end":{"line":32,"column":1}},"line":13},"1":{"name":"(anonymous_1)","decl":{"start":{"line":30,"column":14},"end":{"line":30,"column":15}},"loc":{"start":{"line":30,"column":23},"end":{"line":30,"column":50}},"line":30},"2":{"name":"(anonymous_2)","decl":{"start":{"line":31,"column":15},"end":{"line":31,"column":16}},"loc":{"start":{"line":31,"column":22},"end":{"line":31,"column":38}},"line":31},"3":{"name":"(anonymous_3)","decl":{"start":{"line":37,"column":19},"end":{"line":37,"column":20}},"loc":{"start":{"line":37,"column":39},"end":{"line":42,"column":5}},"line":37},"4":{"name":"(anonymous_4)","decl":{"start":{"line":40,"column":18},"end":{"line":40,"column":19}},"loc":{"start":{"line":40,"column":33},"end":{"line":40,"column":66}},"line":40},"5":{"name":"(anonymous_5)","decl":{"start":{"line":41,"column":19},"end":{"line":41,"column":20}},"loc":{"start":{"line":41,"column":26},"end":{"line":41,"column":42}},"line":41},"6":{"name":"(anonymous_6)","decl":{"start":{"line":47,"column":22},"end":{"line":47,"column":23}},"loc":{"start":{"line":47,"column":42},"end":{"line":52,"column":1}},"line":47},"7":{"name":"(anonymous_7)","decl":{"start":{"line":50,"column":14},"end":{"line":50,"column":15}},"loc":{"start":{"line":50,"column":22},"end":{"line":50,"column":48}},"line":50},"8":{"name":"(anonymous_8)","decl":{"start":{"line":51,"column":15},"end":{"line":51,"column":16}},"loc":{"start":{"line":51,"column":22},"end":{"line":51,"column":38}},"line":51},"9":{"name":"(anonymous_9)","decl":{"start":{"line":57,"column":20},"end":{"line":57,"column":21}},"loc":{"start":{"line":57,"column":40},"end":{"line":67,"column":1}},"line":57},"10":{"name":"(anonymous_10)","decl":{"start":{"line":65,"column":14},"end":{"line":65,"column":15}},"loc":{"start":{"line":65,"column":28},"end":{"line":65,"column":60}},"line":65},"11":{"name":"(anonymous_11)","decl":{"start":{"line":66,"column":15},"end":{"line":66,"column":16}},"loc":{"start":{"line":66,"column":22},"end":{"line":66,"column":38}},"line":66},"12":{"name":"(anonymous_12)","decl":{"start":{"line":72,"column":22},"end":{"line":72,"column":23}},"loc":{"start":{"line":72,"column":42},"end":{"line":81,"column":1}},"line":72},"13":{"name":"(anonymous_13)","decl":{"start":{"line":79,"column":14},"end":{"line":79,"column":15}},"loc":{"start":{"line":79,"column":29},"end":{"line":79,"column":93}},"line":79},"14":{"name":"(anonymous_14)","decl":{"start":{"line":80,"column":15},"end":{"line":80,"column":16}},"loc":{"start":{"line":80,"column":22},"end":{"line":80,"column":38}},"line":80}},"branchMap":{},"s":{"0":1,"1":1,"2":1,"3":1,"4":1,"5":0,"6":0,"7":0,"8":1,"9":0,"10":0,"11":0,"12":0,"13":1,"14":0,"15":0,"16":0,"17":0,"18":1,"19":0,"20":0,"21":0,"22":0,"23":0,"24":1,"25":0,"26":0,"27":0,"28":0},"f":{"0":0,"1":0,"2":0,"3":0,"4":0,"5":0,"6":0,"7":0,"8":0,"9":0,"10":0,"11":0,"12":0,"13":0,"14":0},"b":{},"_coverageSchema":"1a1c01bbd47fc00a2c39e90264f33305004495a9","hash":"0510c4b08143f1a12a839be7667a1ed85777925d"}
,"C:\\Users\\tonyd_wl3\\Desktop\\CDNT\\CFA_CDNT10\\Cours\\nodejs\\college\\models\\classe.js": {"path":"C:\\Users\\tonyd_wl3\\Desktop\\CDNT\\CFA_CDNT10\\Cours\\nodejs\\college\\models\\classe.js","statementMap":{"0":{"start":{"line":4,"column":4},"end":{"line":4,"column":24}},"1":{"start":{"line":5,"column":0},"end":{"line":24,"column":2}},"2":{"start":{"line":14,"column":12},"end":{"line":14,"column":40}},"3":{"start":{"line":17,"column":4},"end":{"line":22,"column":7}},"4":{"start":{"line":23,"column":4},"end":{"line":23,"column":18}}},"fnMap":{"0":{"name":"(anonymous_0)","decl":{"start":{"line":5,"column":17},"end":{"line":5,"column":18}},"loc":{"start":{"line":5,"column":43},"end":{"line":24,"column":1}},"line":5},"1":{"name":"(anonymous_1)","decl":{"start":{"line":12,"column":8},"end":{"line":12,"column":9}},"loc":{"start":{"line":12,"column":33},"end":{"line":15,"column":9}},"line":12}},"branchMap":{},"s":{"0":1,"1":1,"2":1,"3":1,"4":1},"f":{"0":1,"1":1},"b":{},"_coverageSchema":"1a1c01bbd47fc00a2c39e90264f33305004495a9","hash":"a1093a2b35c53487a3d2bad880267aa5639a61b6"}
,"C:\\Users\\tonyd_wl3\\Desktop\\CDNT\\CFA_CDNT10\\Cours\\nodejs\\college\\models\\eleve.js": {"path":"C:\\Users\\tonyd_wl3\\Desktop\\CDNT\\CFA_CDNT10\\Cours\\nodejs\\college\\models\\eleve.js","statementMap":{"0":{"start":{"line":4,"column":4},"end":{"line":4,"column":24}},"1":{"start":{"line":5,"column":0},"end":{"line":26,"column":2}},"2":{"start":{"line":14,"column":12},"end":{"line":14,"column":42}},"3":{"start":{"line":15,"column":12},"end":{"line":15,"column":38}},"4":{"start":{"line":18,"column":4},"end":{"line":24,"column":7}},"5":{"start":{"line":25,"column":4},"end":{"line":25,"column":17}}},"fnMap":{"0":{"name":"(anonymous_0)","decl":{"start":{"line":5,"column":17},"end":{"line":5,"column":18}},"loc":{"start":{"line":5,"column":43},"end":{"line":26,"column":1}},"line":5},"1":{"name":"(anonymous_1)","decl":{"start":{"line":12,"column":8},"end":{"line":12,"column":9}},"loc":{"start":{"line":12,"column":33},"end":{"line":16,"column":9}},"line":12}},"branchMap":{},"s":{"0":1,"1":1,"2":1,"3":1,"4":1,"5":1},"f":{"0":1,"1":1},"b":{},"_coverageSchema":"1a1c01bbd47fc00a2c39e90264f33305004495a9","hash":"dfc5a422139c1abf8147260983242dadfa412827"}
,"C:\\Users\\tonyd_wl3\\Desktop\\CDNT\\CFA_CDNT10\\Cours\\nodejs\\college\\models\\index.js": {"path":"C:\\Users\\tonyd_wl3\\Desktop\\CDNT\\CFA_CDNT10\\Cours\\nodejs\\college\\models\\index.js","statementMap":{"0":{"start":{"line":3,"column":11},"end":{"line":3,"column":24}},"1":{"start":{"line":4,"column":13},"end":{"line":4,"column":28}},"2":{"start":{"line":5,"column":18},"end":{"line":5,"column":38}},"3":{"start":{"line":6,"column":17},"end":{"line":6,"column":42}},"4":{"start":{"line":7,"column":12},"end":{"line":7,"column":49}},"5":{"start":{"line":8,"column":15},"end":{"line":8,"column":65}},"6":{"start":{"line":9,"column":11},"end":{"line":9,"column":13}},"7":{"start":{"line":12,"column":0},"end":{"line":16,"column":1}},"8":{"start":{"line":13,"column":2},"end":{"line":13,"column":74}},"9":{"start":{"line":15,"column":2},"end":{"line":15,"column":87}},"10":{"start":{"line":18,"column":0},"end":{"line":26,"column":5}},"11":{"start":{"line":21,"column":4},"end":{"line":21,"column":90}},"12":{"start":{"line":24,"column":18},"end":{"line":24,"column":85}},"13":{"start":{"line":25,"column":4},"end":{"line":25,"column":27}},"14":{"start":{"line":28,"column":0},"end":{"line":32,"column":3}},"15":{"start":{"line":29,"column":2},"end":{"line":31,"column":3}},"16":{"start":{"line":30,"column":4},"end":{"line":30,"column":32}},"17":{"start":{"line":34,"column":0},"end":{"line":34,"column":25}},"18":{"start":{"line":35,"column":0},"end":{"line":35,"column":25}},"19":{"start":{"line":37,"column":0},"end":{"line":37,"column":20}}},"fnMap":{"0":{"name":"(anonymous_0)","decl":{"start":{"line":20,"column":10},"end":{"line":20,"column":11}},"loc":{"start":{"line":20,"column":18},"end":{"line":22,"column":3}},"line":20},"1":{"name":"(anonymous_1)","decl":{"start":{"line":23,"column":11},"end":{"line":23,"column":12}},"loc":{"start":{"line":23,"column":19},"end":{"line":26,"column":3}},"line":23},"2":{"name":"(anonymous_2)","decl":{"start":{"line":28,"column":24},"end":{"line":28,"column":25}},"loc":{"start":{"line":28,"column":37},"end":{"line":32,"column":1}},"line":28}},"branchMap":{"0":{"loc":{"start":{"line":7,"column":12},"end":{"line":7,"column":49}},"type":"binary-expr","locations":[{"start":{"line":7,"column":12},"end":{"line":7,"column":32}},{"start":{"line":7,"column":36},"end":{"line":7,"column":49}}],"line":7},"1":{"loc":{"start":{"line":12,"column":0},"end":{"line":16,"column":1}},"type":"if","locations":[{"start":{"line":12,"column":0},"end":{"line":16,"column":1}},{"start":{"line":12,"column":0},"end":{"line":16,"column":1}}],"line":12},"2":{"loc":{"start":{"line":21,"column":11},"end":{"line":21,"column":89}},"type":"binary-expr","locations":[{"start":{"line":21,"column":12},"end":{"line":21,"column":35}},{"start":{"line":21,"column":41},"end":{"line":21,"column":58}},{"start":{"line":21,"column":64},"end":{"line":21,"column":88}}],"line":21},"3":{"loc":{"start":{"line":29,"column":2},"end":{"line":31,"column":3}},"type":"if","locations":[{"start":{"line":29,"column":2},"end":{"line":31,"column":3}},{"start":{"line":29,"column":2},"end":{"line":31,"column":3}}],"line":29}},"s":{"0":1,"1":1,"2":1,"3":1,"4":1,"5":1,"6":1,"7":1,"8":0,"9":1,"10":1,"11":5,"12":4,"13":4,"14":1,"15":4,"16":4,"17":1,"18":1,"19":1},"f":{"0":5,"1":4,"2":4},"b":{"0":[1,0],"1":[0,1],"2":[5,5,4],"3":[4,0]},"_coverageSchema":"1a1c01bbd47fc00a2c39e90264f33305004495a9","hash":"199df9ec3b56bdaaebca304d52a1a6f7506100ae"}
,"C:\\Users\\tonyd_wl3\\Desktop\\CDNT\\CFA_CDNT10\\Cours\\nodejs\\college\\models\\matiere.js": {"path":"C:\\Users\\tonyd_wl3\\Desktop\\CDNT\\CFA_CDNT10\\Cours\\nodejs\\college\\models\\matiere.js","statementMap":{"0":{"start":{"line":4,"column":4},"end":{"line":4,"column":24}},"1":{"start":{"line":5,"column":0},"end":{"line":24,"column":2}},"2":{"start":{"line":14,"column":12},"end":{"line":14,"column":40}},"3":{"start":{"line":17,"column":4},"end":{"line":22,"column":7}},"4":{"start":{"line":23,"column":4},"end":{"line":23,"column":19}}},"fnMap":{"0":{"name":"(anonymous_0)","decl":{"start":{"line":5,"column":17},"end":{"line":5,"column":18}},"loc":{"start":{"line":5,"column":43},"end":{"line":24,"column":1}},"line":5},"1":{"name":"(anonymous_1)","decl":{"start":{"line":12,"column":8},"end":{"line":12,"column":9}},"loc":{"start":{"line":12,"column":33},"end":{"line":15,"column":9}},"line":12}},"branchMap":{},"s":{"0":1,"1":1,"2":1,"3":1,"4":1},"f":{"0":1,"1":1},"b":{},"_coverageSchema":"1a1c01bbd47fc00a2c39e90264f33305004495a9","hash":"71628e654d83166174590b41ec9e546eede16ab4"}
,"C:\\Users\\tonyd_wl3\\Desktop\\CDNT\\CFA_CDNT10\\Cours\\nodejs\\college\\models\\note.js": {"path":"C:\\Users\\tonyd_wl3\\Desktop\\CDNT\\CFA_CDNT10\\Cours\\nodejs\\college\\models\\note.js","statementMap":{"0":{"start":{"line":4,"column":4},"end":{"line":4,"column":24}},"1":{"start":{"line":5,"column":0},"end":{"line":26,"column":2}},"2":{"start":{"line":14,"column":12},"end":{"line":14,"column":40}},"3":{"start":{"line":15,"column":12},"end":{"line":15,"column":42}},"4":{"start":{"line":18,"column":4},"end":{"line":24,"column":7}},"5":{"start":{"line":25,"column":4},"end":{"line":25,"column":16}}},"fnMap":{"0":{"name":"(anonymous_0)","decl":{"start":{"line":5,"column":17},"end":{"line":5,"column":18}},"loc":{"start":{"line":5,"column":43},"end":{"line":26,"column":1}},"line":5},"1":{"name":"(anonymous_1)","decl":{"start":{"line":12,"column":8},"end":{"line":12,"column":9}},"loc":{"start":{"line":12,"column":33},"end":{"line":16,"column":9}},"line":12}},"branchMap":{},"s":{"0":1,"1":1,"2":1,"3":1,"4":1,"5":1},"f":{"0":1,"1":1},"b":{},"_coverageSchema":"1a1c01bbd47fc00a2c39e90264f33305004495a9","hash":"c8418652f38f06e9edbaf2e5e9b8e524209f925f"}
,"C:\\Users\\tonyd_wl3\\Desktop\\CDNT\\CFA_CDNT10\\Cours\\nodejs\\college\\routes\\classe.js": {"path":"C:\\Users\\tonyd_wl3\\Desktop\\CDNT\\CFA_CDNT10\\Cours\\nodejs\\college\\routes\\classe.js","statementMap":{"0":{"start":{"line":1,"column":16},"end":{"line":1,"column":34}},"1":{"start":{"line":2,"column":15},"end":{"line":2,"column":31}},"2":{"start":{"line":4,"column":26},"end":{"line":4,"column":69}},"3":{"start":{"line":6,"column":0},"end":{"line":6,"column":47}},"4":{"start":{"line":7,"column":0},"end":{"line":7,"column":52}},"5":{"start":{"line":8,"column":0},"end":{"line":8,"column":47}},"6":{"start":{"line":9,"column":0},"end":{"line":9,"column":50}},"7":{"start":{"line":10,"column":0},"end":{"line":10,"column":55}},"8":{"start":{"line":12,"column":0},"end":{"line":12,"column":24}}},"fnMap":{},"branchMap":{},"s":{"0":1,"1":1,"2":1,"3":1,"4":1,"5":1,"6":1,"7":1,"8":1},"f":{},"b":{},"_coverageSchema":"1a1c01bbd47fc00a2c39e90264f33305004495a9","hash":"2ac6142a6a0a4ea047bf4d0f153da3eef0158939"}
,"C:\\Users\\tonyd_wl3\\Desktop\\CDNT\\CFA_CDNT10\\Cours\\nodejs\\college\\routes\\eleve.js": {"path":"C:\\Users\\tonyd_wl3\\Desktop\\CDNT\\CFA_CDNT10\\Cours\\nodejs\\college\\routes\\eleve.js","statementMap":{"0":{"start":{"line":1,"column":16},"end":{"line":1,"column":34}},"1":{"start":{"line":2,"column":15},"end":{"line":2,"column":31}},"2":{"start":{"line":4,"column":25},"end":{"line":4,"column":67}},"3":{"start":{"line":6,"column":0},"end":{"line":6,"column":45}},"4":{"start":{"line":7,"column":0},"end":{"line":7,"column":50}},"5":{"start":{"line":8,"column":0},"end":{"line":8,"column":45}},"6":{"start":{"line":9,"column":0},"end":{"line":9,"column":48}},"7":{"start":{"line":10,"column":0},"end":{"line":10,"column":53}},"8":{"start":{"line":12,"column":0},"end":{"line":12,"column":24}}},"fnMap":{},"branchMap":{},"s":{"0":1,"1":1,"2":1,"3":1,"4":1,"5":1,"6":1,"7":1,"8":1},"f":{},"b":{},"_coverageSchema":"1a1c01bbd47fc00a2c39e90264f33305004495a9","hash":"7a0b0747a7eefce48e44335bcf5d3749c285e73a"}
,"C:\\Users\\tonyd_wl3\\Desktop\\CDNT\\CFA_CDNT10\\Cours\\nodejs\\college\\routes\\matiere.js": {"path":"C:\\Users\\tonyd_wl3\\Desktop\\CDNT\\CFA_CDNT10\\Cours\\nodejs\\college\\routes\\matiere.js","statementMap":{"0":{"start":{"line":1,"column":16},"end":{"line":1,"column":34}},"1":{"start":{"line":2,"column":15},"end":{"line":2,"column":31}},"2":{"start":{"line":4,"column":27},"end":{"line":4,"column":71}},"3":{"start":{"line":6,"column":0},"end":{"line":6,"column":49}},"4":{"start":{"line":7,"column":0},"end":{"line":7,"column":54}},"5":{"start":{"line":8,"column":0},"end":{"line":8,"column":49}},"6":{"start":{"line":9,"column":0},"end":{"line":9,"column":52}},"7":{"start":{"line":10,"column":0},"end":{"line":10,"column":57}},"8":{"start":{"line":12,"column":0},"end":{"line":12,"column":24}}},"fnMap":{},"branchMap":{},"s":{"0":1,"1":1,"2":1,"3":1,"4":1,"5":1,"6":1,"7":1,"8":1},"f":{},"b":{},"_coverageSchema":"1a1c01bbd47fc00a2c39e90264f33305004495a9","hash":"c1869e175ee7dd1555bacf23af20974d7afe5e84"}
,"C:\\Users\\tonyd_wl3\\Desktop\\CDNT\\CFA_CDNT10\\Cours\\nodejs\\college\\routes\\note.js": {"path":"C:\\Users\\tonyd_wl3\\Desktop\\CDNT\\CFA_CDNT10\\Cours\\nodejs\\college\\routes\\note.js","statementMap":{"0":{"start":{"line":1,"column":16},"end":{"line":1,"column":34}},"1":{"start":{"line":2,"column":15},"end":{"line":2,"column":31}},"2":{"start":{"line":4,"column":24},"end":{"line":4,"column":65}},"3":{"start":{"line":6,"column":0},"end":{"line":6,"column":43}},"4":{"start":{"line":7,"column":0},"end":{"line":7,"column":48}},"5":{"start":{"line":8,"column":0},"end":{"line":8,"column":43}},"6":{"start":{"line":9,"column":0},"end":{"line":9,"column":46}},"7":{"start":{"line":10,"column":0},"end":{"line":10,"column":51}},"8":{"start":{"line":12,"column":0},"end":{"line":12,"column":24}}},"fnMap":{},"branchMap":{},"s":{"0":1,"1":1,"2":1,"3":1,"4":1,"5":1,"6":1,"7":1,"8":1},"f":{},"b":{},"_coverageSchema":"1a1c01bbd47fc00a2c39e90264f33305004495a9","hash":"4459d941117992010a4eb7a4a64defdba80d448b"}
}
